2026-03-02 22:25:16,040 - __main__ - INFO - Browser initialized
2026-03-02 22:25:46,052 - __main__ - ERROR - Error during WhatsApp login: Page.goto: Timeout 30000ms exceeded.
Call log:
  - navigating to "https://web.whatsapp.com/", waiting until "load"

2026-03-04 17:59:30,044 - __main__ - INFO - Browser initialized
2026-03-04 17:59:43,981 - __main__ - INFO - Navigated to WhatsApp Web
2026-03-04 17:59:43,982 - __main__ - INFO - Waiting for WhatsApp Web to load...
2026-03-04 18:00:13,992 - __main__ - INFO - Please scan the QR code to login. Waiting 60 seconds...
2026-03-04 18:01:44,007 - __main__ - ERROR - Failed to login to WhatsApp
2026-03-04 18:02:54,359 - __main__ - INFO - Browser initialized
2026-03-04 18:03:08,353 - __main__ - INFO - Navigated to WhatsApp Web
2026-03-04 18:03:08,354 - __main__ - INFO - Waiting for WhatsApp Web to load...
2026-03-04 18:03:38,363 - __main__ - INFO - Please scan the QR code to login. Waiting 60 seconds...
2026-03-04 18:05:08,371 - __main__ - ERROR - Failed to login to WhatsApp
2026-03-04 18:05:17,010 - __main__ - INFO - Browser initialized
2026-03-04 18:05:33,203 - __main__ - INFO - Navigated to WhatsApp Web
2026-03-04 18:05:33,203 - __main__ - INFO - Waiting for WhatsApp Web to load...
2026-03-04 18:06:03,213 - __main__ - INFO - Please scan the QR code to login. Waiting 60 seconds...
2026-03-04 18:07:28,957 - __main__ - ERROR - Failed to login to WhatsApp
2026-03-04 18:08:05,102 - __main__ - INFO - Browser initialized
2026-03-04 18:08:24,654 - __main__ - INFO - Navigated to WhatsApp Web
2026-03-04 18:08:24,654 - __main__ - INFO - Waiting for WhatsApp Web to load...
2026-03-04 18:08:54,661 - __main__ - INFO - Please scan the QR code to login. Waiting 60 seconds...
2026-03-04 18:10:24,680 - __main__ - ERROR - Failed to login to WhatsApp
2026-03-04 18:56:50,523 - __main__ - INFO - Browser initialized
2026-03-04 18:57:13,501 - __main__ - INFO - Navigated to WhatsApp Web
2026-03-04 18:57:13,501 - __main__ - INFO - Waiting for WhatsApp Web to load...
2026-03-04 18:57:43,510 - __main__ - INFO - Please scan the QR code to login. Waiting 60 seconds...
2026-03-04 18:59:13,530 - __main__ - ERROR - Failed to login to WhatsApp
2026-03-04 18:59:31,004 - __main__ - INFO - Browser initialized
2026-03-04 18:59:49,195 - __main__ - INFO - Navigated to WhatsApp Web
2026-03-04 18:59:49,196 - __main__ - INFO - Waiting for WhatsApp Web to load...
2026-03-04 19:00:19,204 - __main__ - INFO - Please scan the QR code to login. Waiting 60 seconds...
2026-03-04 19:01:49,247 - __main__ - ERROR - Failed to login to WhatsApp
2026-03-04 19:04:39,623 - __main__ - INFO - Browser initialized
2026-03-04 19:04:55,247 - __main__ - INFO - Navigated to WhatsApp Web
2026-03-04 19:04:55,247 - __main__ - INFO - Waiting for WhatsApp Web to load...
2026-03-04 19:05:35,328 - __main__ - INFO - Please scan the QR code to login. Waiting 60 seconds...
2026-03-04 19:07:00,409 - __main__ - INFO - Successfully logged in to WhatsApp
2026-03-04 19:07:00,438 - __main__ - INFO - WhatsApp session saved
2026-03-04 19:07:00,443 - __main__ - ERROR - Could not send message to Tayyaba sheikh
2026-03-04 19:09:24,667 - __main__ - INFO - Browser initialized
2026-03-04 19:09:41,650 - __main__ - INFO - Navigated to WhatsApp Web
2026-03-04 19:09:41,651 - __main__ - INFO - Waiting for WhatsApp Web to load...
2026-03-04 19:10:21,721 - __main__ - INFO - Please scan the QR code to login. Waiting 60 seconds...
2026-03-04 19:11:56,781 - __main__ - ERROR - Failed to login to WhatsApp
2026-03-04 19:14:39,924 - __main__ - INFO - Browser initialized
2026-03-04 19:14:55,205 - __main__ - INFO - Navigated to WhatsApp Web
2026-03-04 19:14:55,206 - __main__ - INFO - Waiting for WhatsApp Web to load...
2026-03-04 19:15:10,258 - __main__ - INFO - Assuming WhatsApp login successful (may take time to load full UI)
2026-03-04 19:15:55,498 - __main__ - INFO - Browser initialized
2026-03-04 19:16:13,909 - __main__ - INFO - Navigated to WhatsApp Web
2026-03-04 19:16:13,909 - __main__ - INFO - Waiting for WhatsApp Web to load...
2026-03-04 19:16:28,967 - __main__ - INFO - Assuming WhatsApp login successful (may take time to load full UI)
2026-03-04 19:16:38,982 - __main__ - ERROR - Could not find search box
2026-03-11 06:04:54,299 - __main__ - INFO - Browser initialized
2026-03-11 06:05:08,866 - __main__ - INFO - Navigated to WhatsApp Web
2026-03-11 06:05:08,866 - __main__ - INFO - Waiting for WhatsApp Web to load...
2026-03-11 06:05:24,030 - __main__ - INFO - Already logged in to WhatsApp
2026-03-11 06:05:24,042 - __main__ - INFO - WhatsApp session saved
2026-03-11 06:05:55,113 - __main__ - INFO - Browser initialized
2026-03-11 06:06:14,322 - __main__ - INFO - Navigated to WhatsApp Web
2026-03-11 06:06:14,322 - __main__ - INFO - Waiting for WhatsApp Web to load...
2026-03-11 06:06:29,443 - __main__ - INFO - Already logged in to WhatsApp
2026-03-11 06:06:29,454 - __main__ - INFO - WhatsApp session saved
2026-03-11 06:06:29,467 - __main__ - ERROR - Could not find search box
2026-03-11 06:06:47,707 - __main__ - INFO - Browser initialized
2026-03-11 06:07:01,759 - __main__ - INFO - Navigated to WhatsApp Web
2026-03-11 06:07:01,760 - __main__ - INFO - Waiting for WhatsApp Web to load...
2026-03-11 06:07:16,903 - __main__ - INFO - Already logged in to WhatsApp
2026-03-11 06:07:16,918 - __main__ - INFO - WhatsApp session saved
2026-03-11 06:07:16,949 - __main__ - ERROR - Could not find search box
